This is pdfTeX, Version 3.1415926-2.3-1.40.12 (MiKTeX 2.9) (preloaded format=pdflatex 2016.6.17)  5 JUL 2016 20:30
entering extended mode
**paper.tex

("F:\New-Failure-Detector-in-Data-Center\SIG Proceedings Template-Jan2015 Zip\p
aper.tex"
LaTeX2e <2011/06/27>
Babel <v3.8m> and hyphenation patterns for loaded.

("F:\New-Failure-Detector-in-Data-Center\SIG Proceedings Template-Jan2015 Zip\s
ig-alternate-05-2015.cls" (D:\CTEX\MiKTeX\tex\latex\graphics\epsfig.sty
Package: epsfig 1999/02/16 v1.7a (e)psfig emulation (SPQR)

(D:\CTEX\MiKTeX\tex\latex\graphics\graphicx.sty
Package: graphicx 1999/02/16 v1.0f Enhanced LaTeX Graphics (DPC,SPQR)

(D:\CTEX\MiKTeX\tex\latex\graphics\keyval.sty
Package: keyval 1999/03/16 v1.13 key=value parser (DPC)
\KV@toks@=\toks14
)
(D:\CTEX\MiKTeX\tex\latex\graphics\graphics.sty
Package: graphics 2009/02/05 v1.0o Standard LaTeX Graphics (DPC,SPQR)

(D:\CTEX\MiKTeX\tex\latex\graphics\trig.sty
Package: trig 1999/03/16 v1.09 sin cos tan (DPC)
)
(D:\CTEX\MiKTeX\tex\latex\00miktex\graphics.cfg
File: graphics.cfg 2007/01/18 v1.5 graphics configuration of teTeX/TeXLive
)
Package graphics Info: Driver file: pdftex.def on input line 91.

(D:\CTEX\MiKTeX\tex\latex\pdftex-def\pdftex.def
File: pdftex.def 2011/05/27 v0.06d Graphics/color for pdfTeX

(D:\CTEX\MiKTeX\tex\generic\oberdiek\infwarerr.sty
Package: infwarerr 2010/04/08 v1.3 Providing info/warning/message (HO)
)
(D:\CTEX\MiKTeX\tex\generic\oberdiek\ltxcmds.sty
Package: ltxcmds 2011/04/18 v1.20 LaTeX kernel commands for general use (HO)
)
\Gread@gobject=\count79
))
\Gin@req@height=\dimen102
\Gin@req@width=\dimen103
)
\epsfxsize=\dimen104
\epsfysize=\dimen105
)
(D:\CTEX\MiKTeX\tex\latex\amsfonts\amssymb.sty
Package: amssymb 2009/06/22 v3.00

(D:\CTEX\MiKTeX\tex\latex\amsfonts\amsfonts.sty
Package: amsfonts 2009/06/22 v3.00 Basic AMSFonts support
\@emptytoks=\toks15
\symAMSa=\mathgroup4
\symAMSb=\mathgroup5
LaTeX Font Info:    Overwriting math alphabet `\mathfrak' in version `bold'
(Font)                  U/euf/m/n --> U/euf/b/n on input line 96.
))
(D:\CTEX\MiKTeX\tex\latex\ams\math\amsmath.sty
Package: amsmath 2000/07/18 v2.13 AMS math features
\@mathmargin=\skip41

For additional information on amsmath, use the `?' option.
(D:\CTEX\MiKTeX\tex\latex\ams\math\amstext.sty
Package: amstext 2000/06/29 v2.01

(D:\CTEX\MiKTeX\tex\latex\ams\math\amsgen.sty
File: amsgen.sty 1999/11/30 v2.0
\@emptytoks=\toks16
\ex@=\dimen106
))
(D:\CTEX\MiKTeX\tex\latex\ams\math\amsbsy.sty
Package: amsbsy 1999/11/29 v1.2d
\pmbraise@=\dimen107
)
(D:\CTEX\MiKTeX\tex\latex\ams\math\amsopn.sty
Package: amsopn 1999/12/14 v2.01 operator names
)
\inf@bad=\count80
LaTeX Info: Redefining \frac on input line 211.
\uproot@=\count81
\leftroot@=\count82
LaTeX Info: Redefining \overline on input line 307.
\classnum@=\count83
\DOTSCASE@=\count84
LaTeX Info: Redefining \ldots on input line 379.
LaTeX Info: Redefining \dots on input line 382.
LaTeX Info: Redefining \cdots on input line 467.
\Mathstrutbox@=\box26
\strutbox@=\box27
\big@size=\dimen108
LaTeX Font Info:    Redeclaring font encoding OML on input line 567.
LaTeX Font Info:    Redeclaring font encoding OMS on input line 568.
\macc@depth=\count85
\c@MaxMatrixCols=\count86
\dotsspace@=\muskip10
\c@parentequation=\count87
\dspbrk@lvl=\count88
\tag@help=\toks17
\row@=\count89
\column@=\count90
\maxfields@=\count91
\andhelp@=\toks18
\eqnshift@=\dimen109
\alignsep@=\dimen110
\tagshift@=\dimen111
\tagwidth@=\dimen112
\totwidth@=\dimen113
\lineht@=\dimen114
\@envbody=\toks19
\multlinegap=\skip42
\multlinetaggap=\skip43
\mathdisplay@stack=\toks20
LaTeX Info: Redefining \[ on input line 2666.
LaTeX Info: Redefining \] on input line 2667.
)
Document Class 'sig-alternate' <9th June '13>. Modified by G.K.M. Tobin/Gerry M
urray/Boris Veytsman
Based in part upon document Style `acmconf' <22 May 89>. Hacked 4/91 by
shivers@cs.cmu.edu, 4/93 by theobald@cs.mcgill.ca
Excerpts were taken from (Journal Style) 'esub2acm.cls'.
****** Bugs/comments/suggestions/technicalities to Gerry Murray -- murray@hq.ac
m.org ******
Questions on the style, SIGS policies, etc. to Adrienne Griscti griscti@acm.org

\ACM@basesize=\count92
(D:\CTEX\UserData\tex\latex\comment\comment.sty
\CommentStream=\write3
 Excluding comment 'comment')
Excluding comment 'CCSXML'
\footheight=\dimen115
\@maxsep=\dimen116
\@dblmaxsep=\dimen117
 (D:\CTEX\MiKTeX\tex\generic\oberdiek\ifpdf.sty
Package: ifpdf 2011/01/30 v2.3 Provides the ifpdf switch (HO)
Package ifpdf Info: pdfTeX in PDF mode is detected.
)
\aucount=\count93
\originalaucount=\count94
\auwidth=\dimen118
\auskip=\dimen119
\auskipcount=\count95
\auskip=\dimen120
\allauboxes=\dimen121
\addauthors=\toks21
\addauflag=\count96
\subtitletext=\toks22
\savesection=\count97
\sectioncntr=\count98
\c@figure=\count99
\c@table=\count100
\titleboxnotes=\toks23
\titleboxnoteflag=\count101


LaTeX Warning: You have requested document class `sig-alternate-05-2015',
               but the document class provides `sig-alternate'.

Document Class: sig-alternate 2013/05/12 v2.7 based on acmproc.cls V1.3 <Nov. 3
0 '99>
(D:\CTEX\MiKTeX\tex\latex\base\latexsym.sty
Package: latexsym 1998/08/17 v2.2e Standard LaTeX package (lasy symbols)
\symlasy=\mathgroup6
LaTeX Font Info:    Overwriting symbol font `lasy' in version `bold'
(Font)                  U/lasy/m/n --> U/lasy/b/n on input line 47.
)
\@acmtitlebox=\box28
\titlenotecount=\count102
\tntoks=\toks24
\tntokstwo=\toks25
\tntoksthree=\toks26
\tntoksfour=\toks27
\tntoksfive=\toks28
\catcount=\count103
\copyrightnotice=\toks29
\conf=\toks30
\confinfo=\toks31
\c@part=\count104
\c@section=\count105
\c@subsection=\count106
\c@subsubsection=\count107
\c@paragraph=\count108

Using 'Abbrev' bibliography style
LaTeX Info: Redefining \cite on input line 1408.
\bibindent=\dimen122
\colcntr=\count109
\saveb@x=\box29
\copyrtyr=\toks32
\acmcopyr=\toks33
\boilerplate=\toks34
(D:\CTEX\MiKTeX\tex\latex\ltxmisc\url.sty
\Urlmuskip=\muskip11
Package: url 2006/04/12  ver 3.3  Verb mode for urls, etc.
)
("F:\New-Failure-Detector-in-Data-Center\SIG Proceedings Template-Jan2015 Zip\a
cmcopyright.sty"
Package: acmcopyright 2014/06/29 v1.2 Copyright statemens for ACM classes
 (D:\CTEX\MiKTeX\tex\latex\xkeyval\xkeyval.sty
Package: xkeyval 2008/08/13 v2.6a package option processing (HA)

(D:\CTEX\MiKTeX\tex\generic\xkeyval\xkeyval.tex
\XKV@toks=\toks35
\XKV@tempa@toks=\toks36
\XKV@depth=\count110
File: xkeyval.tex 2008/08/13 v2.6a key=value parser (HA)
)))
\copyrightetc=\toks37

(D:\CTEX\MiKTeX\tex\latex\base\fontenc.sty
Package: fontenc 2005/09/27 v1.99g Standard LaTeX package

(D:\CTEX\MiKTeX\tex\latex\base\t1enc.def
File: t1enc.def 2005/09/27 v1.99g Standard LaTeX file
LaTeX Font Info:    Redeclaring font encoding T1 on input line 43.
)
LaTeX Font Info:    Try loading font information for T1+aer on input line 100.
 (D:\CTEX\MiKTeX\tex\latex\ae\t1aer.fd
File: t1aer.fd 1997/11/16 Font definitions for T1/aer.
))) (D:\CTEX\UserData\tex\latex\algorithms\algorithm.sty
Package: algorithm 2009/08/24 v0.1 Document Style `algorithm' - floating enviro
nment

(D:\CTEX\MiKTeX\tex\latex\float\float.sty
Package: float 2001/11/08 v1.3d Float enhancements (AL)
\c@float@type=\count111
\float@exts=\toks38
\float@box=\box30
\@float@everytoks=\toks39
\@floatcapt=\box31
)
(D:\CTEX\MiKTeX\tex\latex\base\ifthen.sty
Package: ifthen 2001/05/26 v1.1c Standard LaTeX ifthen package (DPC)
)
\@float@every@algorithm=\toks40
\c@algorithm=\count112
)
(D:\CTEX\UserData\tex\latex\algorithms\algorithmic.sty
Package: algorithmic 2009/08/24 v0.1 Document Style `algorithmic'
\c@ALC@unique=\count113
\c@ALC@line=\count114
\c@ALC@rem=\count115
\c@ALC@depth=\count116
\ALC@tlm=\skip44
\algorithmicindent=\skip45
)
("F:\New-Failure-Detector-in-Data-Center\SIG Proceedings Template-Jan2015 Zip\p
aper.aux")
LaTeX Font Info:    Checking defaults for OML/cmm/m/it on input line 54.
LaTeX Font Info:    ... okay on input line 54.
LaTeX Font Info:    Checking defaults for T1/cmr/m/n on input line 54.
LaTeX Font Info:    ... okay on input line 54.
LaTeX Font Info:    Checking defaults for OT1/cmr/m/n on input line 54.
LaTeX Font Info:    ... okay on input line 54.
LaTeX Font Info:    Checking defaults for OMS/cmsy/m/n on input line 54.
LaTeX Font Info:    ... okay on input line 54.
LaTeX Font Info:    Checking defaults for OMX/cmex/m/n on input line 54.
LaTeX Font Info:    ... okay on input line 54.
LaTeX Font Info:    Checking defaults for U/cmr/m/n on input line 54.
LaTeX Font Info:    ... okay on input line 54.
 (D:\CTEX\MiKTeX\tex\context\base\supp-pdf.mkii
[Loading MPS to PDF converter (version 2006.09.02).]
\scratchcounter=\count117
\scratchdimen=\dimen123
\scratchbox=\box32
\nofMPsegments=\count118
\nofMParguments=\count119
\everyMPshowfont=\toks41
\MPscratchCnt=\count120
\MPscratchDim=\dimen124
\MPnumerator=\count121
\makeMPintoPDFobject=\count122
\everyMPtoPDFconversion=\toks42
)
LaTeX Font Info:    Try loading font information for U+msa on input line 142.
 (D:\CTEX\MiKTeX\tex\latex\amsfonts\umsa.fd
File: umsa.fd 2009/06/22 v3.00 AMS symbols A
)
LaTeX Font Info:    Try loading font information for U+msb on input line 142.

(D:\CTEX\MiKTeX\tex\latex\amsfonts\umsb.fd
File: umsb.fd 2009/06/22 v3.00 AMS symbols B
)
LaTeX Font Info:    Try loading font information for U+lasy on input line 142.

(D:\CTEX\MiKTeX\tex\latex\base\ulasy.fd
File: ulasy.fd 1998/08/17 v2.2e LaTeX symbol font definitions
)
LaTeX Font Info:    Try loading font information for T1+ptm on input line 142.

(D:\CTEX\MiKTeX\tex\latex\psnfss\t1ptm.fd
File: t1ptm.fd 2001/06/04 font definitions for T1/ptm.
)
LaTeX Font Info:    Try loading font information for OMS+ptm on input line 142.


(D:\CTEX\MiKTeX\tex\latex\psnfss\omsptm.fd
File: omsptm.fd 
)
LaTeX Font Info:    Font shape `OMS/ptm/m/n' in size <7> not available
(Font)              Font shape `OMS/cmsy/m/n' tried instead on input line 142.

Overfull \hbox (2.22087pt too wide) in paragraph at lines 145--146
\T1/aer/m/n/9 ser-vice in-ter-rup-tion-s. Thus au-to-mat-ed fail-ure de-tec-tio
n plays
 []

Excluding 'CCSXML' comment.
Underfull \vbox (badness 10000) has occurred while \output is active []

 [1{D:/CTEX/UserData/pdftex/config/pdftex.map{Unicode.sfd}{UGBK.sfd}}


]
<topology.pdf, id=13, 265.09402pt x 172.06584pt>
File: topology.pdf Graphic file (type pdf)
 <use topology.pdf>
Package pdftex.def Info: topology.pdf used on input line 248.
(pdftex.def)             Requested size: 265.09335pt x 172.0654pt.

Overfull \hbox (25.09335pt too wide) in paragraph at lines 248--249
 [][] 
 []


Overfull \hbox (1.74832pt too wide) in paragraph at lines 252--252
[]\secfnt DATA CEN-TER NET-WORK AR-CHI-TEC-
 []

[2 <F:/New-Failure-Detector-in-Data-Center/SIG Proceedings Template-Jan2015 Zip
/topology.pdf>] <system.pdf, id=42, 243.41039pt x 211.93579pt>
File: system.pdf Graphic file (type pdf)

<use system.pdf>
Package pdftex.def Info: system.pdf used on input line 277.
(pdftex.def)             Requested size: 243.40977pt x 211.93526pt.

Overfull \hbox (3.40977pt too wide) in paragraph at lines 277--278
 [][] 
 []


Overfull \hbox (3.47081pt too wide) in paragraph at lines 283--284
[]\T1/aer/m/n/9 For the de-tec-tion of non-imperetative de-vices, \T1/aer/bx/n/
9 Traf-fic Col-
 []

[3 <F:/New-Failure-Detector-in-Data-Center/SIG Proceedings Template-Jan2015 Zip
/system.pdf>] [4]
LaTeX Font Info:    Font shape `U/lasy/b/n' in size <9> not available
(Font)              Font shape `U/lasy/m/n' tried instead on input line 438.
LaTeX Font Info:    Font shape `U/lasy/b/n' in size <6> not available
(Font)              Font shape `U/lasy/m/n' tried instead on input line 438.
LaTeX Font Info:    Font shape `U/lasy/b/n' in size <5> not available
(Font)              Font shape `U/lasy/m/n' tried instead on input line 438.
 <ANN.pdf, id=81, 235.01743pt x 162.27325pt>
File: ANN.pdf Graphic file (type pdf)
 <use ANN.pdf>
Package pdftex.def Info: ANN.pdf used on input line 449.
(pdftex.def)             Requested size: 235.01683pt x 162.27286pt.

[5 <F:/New-Failure-Detector-in-Data-Center/SIG Proceedings Template-Jan2015 Zip
/ANN.pdf>] <metric.pdf, id=150, 174.16498pt x 70.64493pt>
File: metric.pdf Graphic file (type pdf)
 <use metric.pdf>
Package pdftex.def Info: metric.pdf used on input line 518.
(pdftex.def)             Requested size: 174.16454pt x 70.64473pt.

Overfull \hbox (2.79883pt too wide) in paragraph at lines 524--525
[]\T1/aer/bx/n/9 Number of Un-de-tect-ed Crash-es \T1/aer/m/n/9 mea-sures the n
um-
 []

[6 <F:/New-Failure-Detector-in-Data-Center/SIG Proceedings Template-Jan2015 Zip
/metric.pdf>] <r1.pdf, id=162, 235.45164pt x 156.75665pt>
File: r1.pdf Graphic file (type pdf)
 <use r1.pdf>
Package pdftex.def Info: r1.pdf used on input line 565.
(pdftex.def)             Requested size: 164.81502pt x 109.7289pt.

<r2.pdf, id=163, 239.89424pt x 156.75563pt>
File: r2.pdf Graphic file (type pdf)
 <use r2.pdf>
Package pdftex.def Info: r2.pdf used on input line 566.
(pdftex.def)             Requested size: 167.92482pt x 109.72818pt.

<r3.pdf, id=164, 231.64442pt x 156.12126pt>
File: r3.pdf Graphic file (type pdf)
 <use r3.pdf>
Package pdftex.def Info: r3.pdf used on input line 574.
(pdftex.def)             Requested size: 162.15pt x 109.28412pt.

<r4.pdf, id=165, 237.99013pt x 157.391pt>
File: r4.pdf Graphic file (type pdf)
 <use r4.pdf>
Package pdftex.def Info: r4.pdf used on input line 575.
(pdftex.def)             Requested size: 166.59193pt x 110.17294pt.

<r5.pdf, id=166, 243.0681pt x 161.19923pt>
File: r5.pdf Graphic file (type pdf)
 <use r5.pdf>
Package pdftex.def Info: r5.pdf used on input line 576.
(pdftex.def)             Requested size: 170.1465pt x 112.83868pt.

<r6.pdf, id=167, 231.64342pt x 156.75665pt>
File: r6.pdf Graphic file (type pdf)
 <use r6.pdf>
Package pdftex.def Info: r6.pdf used on input line 587.
(pdftex.def)             Requested size: 162.14928pt x 109.7289pt.

<tor-r1.pdf, id=168, 241.16399pt x 164.37209pt>
File: tor-r1.pdf Graphic file (type pdf)
 <use tor-r1.pdf>
Package pdftex.def Info: tor-r1.pdf used on input line 599.
(pdftex.def)             Requested size: 168.81361pt x 115.05966pt.

<tor-r2.pdf, id=169, 242.43272pt x 160.56487pt>
File: tor-r2.pdf Graphic file (type pdf)
 <use tor-r2.pdf>
Package pdftex.def Info: tor-r2.pdf used on input line 600.
(pdftex.def)             Requested size: 169.70174pt x 112.39462pt.
 [7 <F:/New-Failure-Detector-in-Data-Center/SIG Proceedings Template-Jan2015 Zi
p/r1.pdf> <F:/New-Failure-Detector-in-Data-Center/SIG Proceedings Template-Jan2
015 Zip/r2.pdf>] <precision.pdf, id=257, 238.6255pt x 161.83362pt>
File: precision.pdf Graphic file (type pdf)
 <use precision.pdf>
Package pdftex.def Info: precision.pdf used on input line 626.
(pdftex.def)             Requested size: 167.0367pt x 113.28275pt.

<mrr.pdf, id=258, 231.00905pt x 159.29512pt>
File: mrr.pdf Graphic file (type pdf)
 <use mrr.pdf>
Package pdftex.def Info: mrr.pdf used on input line 631.
(pdftex.def)             Requested size: 161.70522pt x 111.50581pt.

<ds.pdf, id=259, 231.00905pt x 162.46797pt>
File: ds.pdf Graphic file (type pdf)
 <use ds.pdf>
Package pdftex.def Info: ds.pdf used on input line 636.
(pdftex.def)             Requested size: 161.70522pt x 113.72679pt.
 [8 <F:/New-Failure-Detector-in-Data-Center/SIG Proceedings Template-Jan2015 Zi
p/r3.pdf> <F:/New-Failure-Detector-in-Data-Center/SIG Proceedings Template-Jan2
015 Zip/r4.pdf> <F:/New-Failure-Detector-in-Data-Center/SIG Proceedings Templat
e-Jan2015 Zip/r5.pdf> <F:/New-Failure-Detector-in-Data-Center/SIG Proceedings T
emplate-Jan2015 Zip/r6.pdf> <F:/New-Failure-Detector-in-Data-Center/SIG Proceed
ings Template-Jan2015 Zip/tor-r1.pdf> <F:/New-Failure-Detector-in-Data-Center/S
IG Proceedings Template-Jan2015 Zip/tor-r2.pdf>]
("F:\New-Failure-Detector-in-Data-Center\SIG Proceedings Template-Jan2015 Zip\p
aper.bbl"
Underfull \vbox (badness 6461) has occurred while \output is active []

 [9 <F:/New-Failure-Detector-in-Data-Center/SIG Proceedings Template-Jan2015 Zi
p/precision.pdf> <F:/New-Failure-Detector-in-Data-Center/SIG Proceedings Templa
te-Jan2015 Zip/mrr.pdf> <F:/New-Failure-Detector-in-Data-Center/SIG Proceedings
 Template-Jan2015 Zip/ds.pdf>]) [10

]
("F:\New-Failure-Detector-in-Data-Center\SIG Proceedings Template-Jan2015 Zip\p
aper.aux") ) 
Here is how much of TeX's memory you used:
 3241 strings out of 495354
 38910 string characters out of 3183859
 107208 words of memory out of 3000000
 6297 multiletter control sequences out of 15000+200000
 61556 words of font info for 88 fonts, out of 3000000 for 9000
 14 hyphenation exceptions out of 8191
 41i,12n,34p,1169b,647s stack positions out of 5000i,500n,10000p,200000b,50000s
{D:/CTEX/MiKTeX/fonts/enc/dvips/fontname/8r.enc}<D:/CTEX/MiKTeX/fon
ts/type1/public/amsfonts/cm/cmbx6.pfb><D:/CTEX/MiKTeX/fonts/type1/public/amsfon
ts/cm/cmbx9.pfb><D:/CTEX/MiKTeX/fonts/type1/public/amsfonts/cmextra/cmex9.pfb><
D:/CTEX/MiKTeX/fonts/type1/public/amsfonts/cm/cmmi5.pfb><D:/CTEX/MiKTeX/fonts/t
ype1/public/amsfonts/cm/cmmi6.pfb><D:/CTEX/MiKTeX/fonts/type1/public/amsfonts/c
m/cmmi9.pfb><D:/CTEX/MiKTeX/fonts/type1/public/amsfonts/cmextra/cmmib6.pfb><D:/
CTEX/MiKTeX/fonts/type1/public/amsfonts/cmextra/cmmib9.pfb><D:/CTEX/MiKTeX/font
s/type1/public/amsfonts/cm/cmr5.pfb><D:/CTEX/MiKTeX/fonts/type1/public/amsfonts
/cm/cmr6.pfb><D:/CTEX/MiKTeX/fonts/type1/public/amsfonts/cm/cmr8.pfb><D:/CTEX/M
iKTeX/fonts/type1/public/amsfonts/cm/cmr9.pfb><D:/CTEX/MiKTeX/fonts/type1/publi
c/amsfonts/cm/cmsy6.pfb><D:/CTEX/MiKTeX/fonts/type1/public/amsfonts/cm/cmsy7.pf
b><D:/CTEX/MiKTeX/fonts/type1/public/amsfonts/cm/cmsy9.pfb><D:/CTEX/MiKTeX/font
s/type1/public/amsfonts/cm/cmti9.pfb><D:/CTEX/MiKTeX/fonts/type1/urw/helvetic/u
hvb8a.pfb><D:/CTEX/MiKTeX/fonts/type1/urw/helvetic/uhvr8a.pfb><D:/CTEX/MiKTeX/f
onts/type1/urw/times/utmb8a.pfb><D:/CTEX/MiKTeX/fonts/type1/urw/times/utmr8a.pf
b><D:/CTEX/MiKTeX/fonts/type1/urw/times/utmri8a.pfb>
Output written on paper.pdf (10 pages, 975480 bytes).
PDF statistics:
 743 PDF objects out of 1000 (max. 8388607)
 0 named destinations out of 1000 (max. 500000)
 76 words of extra memory for PDF output out of 10000 (max. 10000000)

